1675223181849	geckodriver	INFO	Listening on 127.0.0.1:53481
1675223184914	mozrunner::runner	INFO	Running command: "C:\\Program Files\\Mozilla Firefox\\firefox.exe" "--marionette" "--remote-debugging-port" "53482" "--remote-allow-hosts" "localhost" "-no-remote" "-profile" "C:\\Users\\User\\AppData\\Local\\Temp\\rust_mozprofile0dg8Ny"
1675223402823	geckodriver	INFO	Listening on 127.0.0.1:53762
1675223405933	mozrunner::runner	INFO	Running command: "C:\\Program Files\\Mozilla Firefox\\firefox.exe" "--marionette" "--headless" "--remote-debugging-port" "53763" "--remote-allow-hosts" "localhost" "-no-remote" "-profile" "C:\\Users\\User\\AppData\\Local\\Temp\\rust_mozprofilexG3EzR"
*** You are running in headless mode.
1675223406308	Marionette	INFO	Marionette enabled
Dynamically enable window occlusion 0
1675223406315	Marionette	INFO	Listening on port 53773
Read port: 53773
WebDriver BiDi listening on ws://127.0.0.1:53763
1675223406451	RemoteAgent	WARN	TLS certificate errors will be ignored for this session
[GFX1-]: RenderCompositorSWGL failed mapping default framebuffer, no dt
console.warn: SearchSettings: "get: No settings file exists, new profile?" (new NotFoundError("Could not open the file at C:\\Users\\User\\AppData\\Local\\Temp\\rust_mozprofilexG3EzR\\search.json.mozlz4", (void 0)))
DevTools listening on ws://127.0.0.1:53763/devtools/browser/615b3880-743f-44c5-b14a-abd19bbd2a29
JavaScript error: resource://gre/modules/PromiseWorker.jsm, line 106: Error: Could not get children of file(C:\Users\User\AppData\Local\Temp\rust_mozprofilexG3EzR\thumbnails) because it does not exist
JavaScript error: resource://gre/modules/PromiseWorker.jsm, line 106: Error: Could not get children of file(C:\Users\User\AppData\Local\Temp\rust_mozprofilexG3EzR\thumbnails) because it does not exist
JavaScript error: resource://gre/modules/PromiseWorker.jsm, line 106: Error: Could not get children of file(C:\Users\User\AppData\Local\Temp\rust_mozprofilexG3EzR\thumbnails) because it does not exist
JavaScript error: resource://gre/modules/PromiseWorker.jsm, line 106: Error: Could not get children of file(C:\Users\User\AppData\Local\Temp\rust_mozprofilexG3EzR\thumbnails) because it does not exist
JavaScript error: resource://gre/modules/PromiseWorker.jsm, line 106: Error: Could not get children of file(C:\Users\User\AppData\Local\Temp\rust_mozprofilexG3EzR\thumbnails) because it does not exist
.1:53933/devtools/browser/ddf0e27b-ebaa-45bf-8dad-65b80605c577
JavaScript error: resource://gre/modules/PromiseWorker.jsm, line 106: Error: Could not get children of file(C:\Users\User\AppData\Local\Temp\rust_mozprofilelvqcg0\thumbnails) because it does not exist
JavaScript error: resource://gre/modules/PromiseWorker.jsm, line 106: Error: Could not get children of file(C:\Users\User\AppData\Local\Temp\rust_mozprofilelvqcg0\thumbnails) because it does not exist
JavaScript error: resource://gre/modules/PromiseWorker.jsm, line 106: Error: Could not get children of file(C:\Users\User\AppData\Local\Temp\rust_mozprofilelvqcg0\thumbnails) because it does not exist
JavaScript error: resource://gre/modules/PromiseWorker.jsm, line 106: Error: Could not get children of file(C:\Users\User\AppData\Local\Temp\rust_mozprofilelvqcg0\thumbnails) because it does not exist
JavaScript error: resource://gre/modules/PromiseWorker.jsm, line 106: Error: Could not get children of file(C:\Users\User\AppData\Local\Temp\rust_mozprofilelvqcg0\thumbnails) because it does not exist
.1:55873/devtools/browser/ef2c9cf8-8ffc-458c-bdab-f07ccaeb2749
JavaScript error: resource://gre/modules/PromiseWorker.jsm, line 106: Error: Could not get children of file(C:\Users\User\AppData\Local\Temp\rust_mozprofile8N1UJS\thumbnails) because it does not exist
JavaScript error: resource://gre/modules/PromiseWorker.jsm, line 106: Error: Could not get children of file(C:\Users\User\AppData\Local\Temp\rust_mozprofile8N1UJS\thumbnails) because it does not exist
JavaScript error: resource://gre/modules/PromiseWorker.jsm, line 106: Error: Could not get children of file(C:\Users\User\AppData\Local\Temp\rust_mozprofile8N1UJS\thumbnails) because it does not exist
JavaScript error: resource://gre/modules/PromiseWorker.jsm, line 106: Error: Could not get children of file(C:\Users\User\AppData\Local\Temp\rust_mozprofile8N1UJS\thumbnails) because it does not exist
JavaScript error: resource://gre/modules/PromiseWorker.jsm, line 106: Error: Could not get children of file(C:\Users\User\AppData\Local\Temp\rust_mozprofile8N1UJS\thumbnails) because it does not exist
.1:56024/devtools/browser/110679fc-2d35-4d3d-b1d4-e30524b9c8a6
console.warn: LoginRecipes: "Falling back to a synchronous message for: https://www.diw.go.th."
JavaScript error: resource://gre/modules/PromiseWorker.jsm, line 106: Error: Could not get children of file(C:\Users\User\AppData\Local\Temp\rust_mozprofilekvx5cd\thumbnails) because it does not exist
JavaScript error: resource://gre/modules/PromiseWorker.jsm, line 106: Error: Could not get children of file(C:\Users\User\AppData\Local\Temp\rust_mozprofilekvx5cd\thumbnails) because it does not exist
JavaScript error: resource://gre/modules/PromiseWorker.jsm, line 106: Error: Could not get children of file(C:\Users\User\AppData\Local\Temp\rust_mozprofilekvx5cd\thumbnails) because it does not exist
JavaScript error: resource://gre/modules/PromiseWorker.jsm, line 106: Error: Could not get children of file(C:\Users\User\AppData\Local\Temp\rust_mozprofilekvx5cd\thumbnails) because it does not exist
JavaScript error: resource://gre/modules/PromiseWorker.jsm, line 106: Error: Could not get children of file(C:\Users\User\AppData\Local\Temp\rust_mozprofilekvx5cd\thumbnails) because it does not exist
.1:56372/devtools/browser/5328d239-0fd9-42df-82fe-fff09b23a8e9
JavaScript error: resource://gre/modules/PromiseWorker.jsm, line 106: Error: Could not get children of file(C:\Users\User\AppData\Local\Temp\rust_mozprofileYznMRW\thumbnails) because it does not exist
JavaScript error: resource://gre/modules/PromiseWorker.jsm, line 106: Error: Could not get children of file(C:\Users\User\AppData\Local\Temp\rust_mozprofileYznMRW\thumbnails) because it does not exist
JavaScript error: resource://gre/modules/PromiseWorker.jsm, line 106: Error: Could not get children of file(C:\Users\User\AppData\Local\Temp\rust_mozprofileYznMRW\thumbnails) because it does not exist
JavaScript error: resource://gre/modules/PromiseWorker.jsm, line 106: Error: Could not get children of file(C:\Users\User\AppData\Local\Temp\rust_mozprofileYznMRW\thumbnails) because it does not exist
JavaScript error: resource://gre/modules/PromiseWorker.jsm, line 106: Error: Could not get children of file(C:\Users\User\AppData\Local\Temp\rust_mozprofileYznMRW\thumbnails) because it does not exist
.1:56622/devtools/browser/2e5dbc78-6596-4f90-9d83-162eb23fea92
console.warn: LoginRecipes: "Falling back to a synchronous message for: https://www.diw.go.th."
JavaScript error: resource://gre/modules/PromiseWorker.jsm, line 106: Error: Could not get children of file(C:\Users\User\AppData\Local\Temp\rust_mozprofile9DvzKx\thumbnails) because it does not exist
JavaScript error: resource://gre/modules/PromiseWorker.jsm, line 106: Error: Could not get children of file(C:\Users\User\AppData\Local\Temp\rust_mozprofile9DvzKx\thumbnails) because it does not exist
JavaScript error: resource://gre/modules/PromiseWorker.jsm, line 106: Error: Could not get children of file(C:\Users\User\AppData\Local\Temp\rust_mozprofile9DvzKx\thumbnails) because it does not exist
JavaScript error: resource://gre/modules/PromiseWorker.jsm, line 106: Error: Could not get children of file(C:\Users\User\AppData\Local\Temp\rust_mozprofile9DvzKx\thumbnails) because it does not exist
ile exists, new profile?" (new NotFoundError("Could not open the file at C:\\Users\\User\\AppData\\Local\\Temp\\rust_mozprofileySHuVM\\search.json.mozlz4", (void 0)))
DevTools listening on ws://127.0.0.1:56797/devtools/browser/18f91765-7600-4ebc-85c7-9d6249250558
console.warn: LoginRecipes: "Falling back to a synchronous message for: https://www.diw.go.th."
JavaScript error: resource://gre/modules/PromiseWorker.jsm, line 106: Error: Could not get children of file(C:\Users\User\AppData\Local\Temp\rust_mozprofileySHuVM\thumbnails) because it does not exist
JavaScript error: resource://gre/modules/PromiseWorker.jsm, line 106: Error: Could not get children of file(C:\Users\User\AppData\Local\Temp\rust_mozprofileySHuVM\thumbnails) because it does not exist
JavaScript error: resource://gre/modules/PromiseWorker.jsm, line 106: Error: Could not get children of file(C:\Users\User\AppData\Local\Temp\rust_mozprofileySHuVM\thumbnails) because it does not exist
JavaScript error: resource://gre/modules/PromiseWorker.jsm, line 106: Error: Could not get children of file(C:\Users\User\AppData\Local\Temp\rust_mozprofileySHuVM\thumbnails) because it does not exist
ile exists, new profile?" (new NotFoundError("Could not open the file at C:\\Users\\User\\AppData\\Local\\Temp\\rust_mozprofile6L8iiG\\search.json.mozlz4", (void 0)))
DevTools listening on ws://127.0.0.1:56983/devtools/browser/ab3fb1ed-9aed-4347-8f35-aedafb468a4e
console.warn: LoginRecipes: "Falling back to a synchronous message for: https://www.diw.go.th."
JavaScript error: resource://gre/modules/PromiseWorker.jsm, line 106: Error: Could not get children of file(C:\Users\User\AppData\Local\Temp\rust_mozprofile6L8iiG\thumbnails) because it does not exist
JavaScript error: resource://gre/modules/PromiseWorker.jsm, line 106: Error: Could not get children of file(C:\Users\User\AppData\Local\Temp\rust_mozprofile6L8iiG\thumbnails) because it does not exist
JavaScript error: resource://gre/modules/PromiseWorker.jsm, line 106: Error: Could not get children of file(C:\Users\User\AppData\Local\Temp\rust_mozprofile6L8iiG\thumbnails) because it does not exist
JavaScript error: resource://gre/modules/PromiseWorker.jsm, line 106: Error: Could not get children of file(C:\Users\User\AppData\Local\Temp\rust_mozprofile6L8iiG\thumbnails) because it does not exist
ile exists, new profile?" (new NotFoundError("Could not open the file at C:\\Users\\User\\AppData\\Local\\Temp\\rust_mozprofile7pJu0n\\search.json.mozlz4", (void 0)))
DevTools listening on ws://127.0.0.1:57202/devtools/browser/5a7b337b-763d-4ad5-b50a-28e797313aab
console.warn: LoginRecipes: "Falling back to a synchronous message for: https://www.diw.go.th."
JavaScript error: resource://gre/modules/PromiseWorker.jsm, line 106: Error: Could not get children of file(C:\Users\User\AppData\Local\Temp\rust_mozprofile7pJu0n\thumbnails) because it does not exist
JavaScript error: resource://gre/modules/PromiseWorker.jsm, line 106: Error: Could not get children of file(C:\Users\User\AppData\Local\Temp\rust_mozprofile7pJu0n\thumbnails) because it does not exist
JavaScript error: resource://gre/modules/PromiseWorker.jsm, line 106: Error: Could not get children of file(C:\Users\User\AppData\Local\Temp\rust_mozprofile7pJu0n\thumbnails) because it does not exist
JavaScript error: resource://gre/modules/PromiseWorker.jsm, line 106: Error: Could not get children of file(C:\Users\User\AppData\Local\Temp\rust_mozprofile7pJu0n\thumbnails) because it does not exist
ile exists, new profile?" (new NotFoundError("Could not open the file at C:\\Users\\User\\AppData\\Local\\Temp\\rust_mozprofilewuBW1K\\search.json.mozlz4", (void 0)))
DevTools listening on ws://127.0.0.1:57298/devtools/browser/7667ca92-2ed6-4638-96d4-4af1c998bca9
console.warn: LoginRecipes: "Falling back to a synchronous message for: https://www.diw.go.th."
JavaScript error: resource://gre/modules/PromiseWorker.jsm, line 106: Error: Could not get children of file(C:\Users\User\AppData\Local\Temp\rust_mozprofilewuBW1K\thumbnails) because it does not exist
JavaScript error: resource://gre/modules/PromiseWorker.jsm, line 106: Error: Could not get children of file(C:\Users\User\AppData\Local\Temp\rust_mozprofilewuBW1K\thumbnails) because it does not exist
JavaScript error: resource://gre/modules/PromiseWorker.jsm, line 106: Error: Could not get children of file(C:\Users\User\AppData\Local\Temp\rust_mozprofilewuBW1K\thumbnails) because it does not exist
JavaScript error: resource://gre/modules/PromiseWorker.jsm, line 106: Error: Could not get children of file(C:\Users\User\AppData\Local\Temp\rust_mozprofilewuBW1K\thumbnails) because it does not exist
ile exists, new profile?" (new NotFoundError("Could not open the file at C:\\Users\\User\\AppData\\Local\\Temp\\rust_mozprofileS40Z1r\\search.json.mozlz4", (void 0)))
DevTools listening on ws://127.0.0.1:57998/devtools/browser/ee7e3a97-7a86-4c1f-a95b-29a5cd762d48
console.warn: LoginRecipes: "Falling back to a synchronous message for: https://www.diw.go.th."
JavaScript error: resource://gre/modules/PromiseWorker.jsm, line 106: Error: Could not get children of file(C:\Users\User\AppData\Local\Temp\rust_mozprofileS40Z1r\thumbnails) because it does not exist
JavaScript error: resource://gre/modules/PromiseWorker.jsm, line 106: Error: Could not get children of file(C:\Users\User\AppData\Local\Temp\rust_mozprofileS40Z1r\thumbnails) because it does not exist
JavaScript error: resource://gre/modules/PromiseWorker.jsm, line 106: Error: Could not get children of file(C:\Users\User\AppData\Local\Temp\rust_mozprofileS40Z1r\thumbnails) because it does not exist
JavaScript error: resource://gre/modules/PromiseWorker.jsm, line 106: Error: Could not get children of file(C:\Users\User\AppData\Local\Temp\rust_mozprofileS40Z1r\thumbnails) because it does not exist
ile exists, new profile?" (new NotFoundError("Could not open the file at C:\\Users\\User\\AppData\\Local\\Temp\\rust_mozprofile7UtWaq\\search.json.mozlz4", (void 0)))
DevTools listening on ws://127.0.0.1:58133/devtools/browser/d698ecee-46ae-48b3-bebe-bf62b8d443c8
console.warn: LoginRecipes: "Falling back to a synchronous message for: https://www.diw.go.th."
JavaScript error: resource://gre/modules/PromiseWorker.jsm, line 106: Error: Could not get children of file(C:\Users\User\AppData\Local\Temp\rust_mozprofile7UtWaq\thumbnails) because it does not exist
JavaScript error: resource://gre/modules/PromiseWorker.jsm, line 106: Error: Could not get children of file(C:\Users\User\AppData\Local\Temp\rust_mozprofile7UtWaq\thumbnails) because it does not exist
JavaScript error: resource://gre/modules/PromiseWorker.jsm, line 106: Error: Could not get children of file(C:\Users\User\AppData\Local\Temp\rust_mozprofile7UtWaq\thumbnails) because it does not exist
JavaScript error: resource://gre/modules/PromiseWorker.jsm, line 106: Error: Could not get children of file(C:\Users\User\AppData\Local\Temp\rust_mozprofile7UtWaq\thumbnails) because it does not exist
ile exists, new profile?" (new NotFoundError("Could not open the file at C:\\Users\\User\\AppData\\Local\\Temp\\rust_mozprofilemgnZFL\\search.json.mozlz4", (void 0)))
DevTools listening on ws://127.0.0.1:58245/devtools/browser/f543a865-a6b7-4217-b2b8-a8e8ea6e23ae
console.warn: LoginRecipes: "Falling back to a synchronous message for: https://www.diw.go.th."
JavaScript error: resource://gre/modules/PromiseWorker.jsm, line 106: Error: Could not get children of file(C:\Users\User\AppData\Local\Temp\rust_mozprofilemgnZFL\thumbnails) because it does not exist
JavaScript error: resource://gre/modules/PromiseWorker.jsm, line 106: Error: Could not get children of file(C:\Users\User\AppData\Local\Temp\rust_mozprofilemgnZFL\thumbnails) because it does not exist
JavaScript error: resource://gre/modules/PromiseWorker.jsm, line 106: Error: Could not get children of file(C:\Users\User\AppData\Local\Temp\rust_mozprofilemgnZFL\thumbnails) because it does not exist
JavaScript error: resource://gre/modules/PromiseWorker.jsm, line 106: Error: Could not get children of file(C:\Users\User\AppData\Local\Temp\rust_mozprofilemgnZFL\thumbnails) because it does not exist
ile exists, new profile?" (new NotFoundError("Could not open the file at C:\\Users\\User\\AppData\\Local\\Temp\\rust_mozprofileRh016O\\search.json.mozlz4", (void 0)))
DevTools listening on ws://127.0.0.1:58799/devtools/browser/85631254-19b7-4acc-b841-2d072e4c5cd3
console.warn: LoginRecipes: "Falling back to a synchronous message for: https://www.diw.go.th."
JavaScript error: resource://gre/modules/PromiseWorker.jsm, line 106: Error: Could not get children of file(C:\Users\User\AppData\Local\Temp\rust_mozprofileRh016O\thumbnails) because it does not exist
JavaScript error: resource://gre/modules/PromiseWorker.jsm, line 106: Error: Could not get children of file(C:\Users\User\AppData\Local\Temp\rust_mozprofileRh016O\thumbnails) because it does not exist
JavaScript error: resource://gre/modules/PromiseWorker.jsm, line 106: Error: Could not get children of file(C:\Users\User\AppData\Local\Temp\rust_mozprofileRh016O\thumbnails) because it does not exist
JavaScript error: resource://gre/modules/PromiseWorker.jsm, line 106: Error: Could not get children of file(C:\Users\User\AppData\Local\Temp\rust_mozprofileRh016O\thumbnails) because it does not exist
ile exists, new profile?" (new NotFoundError("Could not open the file at C:\\Users\\User\\AppData\\Local\\Temp\\rust_mozprofile0Sxl7Y\\search.json.mozlz4", (void 0)))
DevTools listening on ws://127.0.0.1:59156/devtools/browser/904108cd-a7c2-44c3-8d53-bb65b5e5249f
console.warn: LoginRecipes: "Falling back to a synchronous message for: https://www.diw.go.th."
JavaScript error: resource://gre/modules/PromiseWorker.jsm, line 106: Error: Could not get children of file(C:\Users\User\AppData\Local\Temp\rust_mozprofile0Sxl7Y\thumbnails) because it does not exist
JavaScript error: resource://gre/modules/PromiseWorker.jsm, line 106: Error: Could not get children of file(C:\Users\User\AppData\Local\Temp\rust_mozprofile0Sxl7Y\thumbnails) because it does not exist
JavaScript error: resource://gre/modules/PromiseWorker.jsm, line 106: Error: Could not get children of file(C:\Users\User\AppData\Local\Temp\rust_mozprofile0Sxl7Y\thumbnails) because it does not exist
JavaScript error: resource://gre/modules/PromiseWorker.jsm, line 106: Error: Could not get children of file(C:\Users\User\AppData\Local\Temp\rust_mozprofile0Sxl7Y\thumbnails) because it does not exist
ile exists, new profile?" (new NotFoundError("Could not open the file at C:\\Users\\User\\AppData\\Local\\Temp\\rust_mozprofileIrZwM0\\search.json.mozlz4", (void 0)))
DevTools listening on ws://127.0.0.1:59360/devtools/browser/d030e6ac-5ab7-4259-a45a-35156554442d
console.warn: LoginRecipes: "Falling back to a synchronous message for: https://www.diw.go.th."
JavaScript error: resource://gre/modules/PromiseWorker.jsm, line 106: Error: Could not get children of file(C:\Users\User\AppData\Local\Temp\rust_mozprofileIrZwM0\thumbnails) because it does not exist
JavaScript error: resource://gre/modules/PromiseWorker.jsm, line 106: Error: Could not get children of file(C:\Users\User\AppData\Local\Temp\rust_mozprofileIrZwM0\thumbnails) because it does not exist
JavaScript error: resource://gre/modules/PromiseWorker.jsm, line 106: Error: Could not get children of file(C:\Users\User\AppData\Local\Temp\rust_mozprofileIrZwM0\thumbnails) because it does not exist
JavaScript error: resource://gre/modules/PromiseWorker.jsm, line 106: Error: Could not get children of file(C:\Users\User\AppData\Local\Temp\rust_mozprofileIrZwM0\thumbnails) because it does not exist
ile exists, new profile?" (new NotFoundError("Could not open the file at C:\\Users\\User\\AppData\\Local\\Temp\\rust_mozprofilePYneUp\\search.json.mozlz4", (void 0)))
DevTools listening on ws://127.0.0.1:59482/devtools/browser/78397881-b28f-4553-82b0-f99e9a442fc2
console.warn: LoginRecipes: "Falling back to a synchronous message for: https://www.diw.go.th."
JavaScript error: resource://gre/modules/PromiseWorker.jsm, line 106: Error: Could not get children of file(C:\Users\User\AppData\Local\Temp\rust_mozprofilePYneUp\thumbnails) because it does not exist
JavaScript error: resource://gre/modules/PromiseWorker.jsm, line 106: Error: Could not get children of file(C:\Users\User\AppData\Local\Temp\rust_mozprofilePYneUp\thumbnails) because it does not exist
JavaScript error: resource://gre/modules/PromiseWorker.jsm, line 106: Error: Could not get children of file(C:\Users\User\AppData\Local\Temp\rust_mozprofilePYneUp\thumbnails) because it does not exist
JavaScript error: resource://gre/modules/PromiseWorker.jsm, line 106: Error: Could not get children of file(C:\Users\User\AppData\Local\Temp\rust_mozprofilePYneUp\thumbnails) because it does not exist
ile exists, new profile?" (new NotFoundError("Could not open the file at C:\\Users\\User\\AppData\\Local\\Temp\\rust_mozprofileb4HEn0\\search.json.mozlz4", (void 0)))
DevTools listening on ws://127.0.0.1:59558/devtools/browser/9bcb1f0b-24f9-45b4-92b0-51dc08e06098
console.warn: LoginRecipes: "Falling back to a synchronous message for: https://www.diw.go.th."
JavaScript error: resource://gre/modules/PromiseWorker.jsm, line 106: Error: Could not get children of file(C:\Users\User\AppData\Local\Temp\rust_mozprofileb4HEn0\thumbnails) because it does not exist
JavaScript error: resource://gre/modules/PromiseWorker.jsm, line 106: Error: Could not get children of file(C:\Users\User\AppData\Local\Temp\rust_mozprofileb4HEn0\thumbnails) because it does not exist
JavaScript error: resource://gre/modules/PromiseWorker.jsm, line 106: Error: Could not get children of file(C:\Users\User\AppData\Local\Temp\rust_mozprofileb4HEn0\thumbnails) because it does not exist
JavaScript error: resource://gre/modules/PromiseWorker.jsm, line 106: Error: Could not get children of file(C:\Users\User\AppData\Local\Temp\rust_mozprofileb4HEn0\thumbnails) because it does not exist
ile exists, new profile?" (new NotFoundError("Could not open the file at C:\\Users\\User\\AppData\\Local\\Temp\\rust_mozprofile6neTxR\\search.json.mozlz4", (void 0)))
DevTools listening on ws://127.0.0.1:59780/devtools/browser/40cfc4c2-7dc3-48ce-8d9b-6cacf1c050e1
console.warn: LoginRecipes: "Falling back to a synchronous message for: https://www.diw.go.th."
JavaScript error: resource://gre/modules/PromiseWorker.jsm, line 106: Error: Could not get children of file(C:\Users\User\AppData\Local\Temp\rust_mozprofile6neTxR\thumbnails) because it does not exist
JavaScript error: resource://gre/modules/PromiseWorker.jsm, line 106: Error: Could not get children of file(C:\Users\User\AppData\Local\Temp\rust_mozprofile6neTxR\thumbnails) because it does not exist
JavaScript error: resource://gre/modules/PromiseWorker.jsm, line 106: Error: Could not get children of file(C:\Users\User\AppData\Local\Temp\rust_mozprofile6neTxR\thumbnails) because it does not exist
JavaScript error: resource://gre/modules/PromiseWorker.jsm, line 106: Error: Could not get children of file(C:\Users\User\AppData\Local\Temp\rust_mozprofile6neTxR\thumbnails) because it does not exist
leISojPb\\search.json.mozlz4", (void 0)))
DevTools listening on ws://127.0.0.1:60161/devtools/browser/f780eae4-cd72-462c-bba1-722dc30f692c
JavaScript warning: https://www.cdot.in/bni_1896b1697d8ca9f980069c2600d67e25.js, line 1: WEBGL_debug_renderer_info is deprecated in Firefox and will be removed. Please use RENDERER.
JavaScript warning: https://www.cdot.in/bni_1896b1697d8ca9f980069c2600d67e25.js, line 1: WEBGL_debug_renderer_info is deprecated in Firefox and will be removed. Please use RENDERER.
1675227112415	Marionette	INFO	Stopped listening on port 60185
Dynamically enable window occlusion 1
WARNING: A blocker encountered an error while we were waiting.
          Blocker:  Waiting for ping task
          Phase: TelemetryController: Waiting for pending ping activity
          State: (none)
WARNING: Error: Phase "profile-before-change" is finished, it is too late to register completion condition "OS.File: flush I/O queued before profileBeforeChange"
WARNING: addBlocker@resource://gre/modules/AsyncShutdown.jsm:718:15
addBlocker@resource://gre/modules/AsyncShutdown.jsm:523:26
addBlocker@resource://gre/modules/AsyncShutdown.jsm:462:15
setupShutdown@resource://gre/modules/osfile/osfile_async_front.jsm:1548:28
@resource://gre/modules/osfile/osfile_async_front.jsm:1568:16
@resource://gre/modules/osfile.jsm:12:30
@resource://gre/modules/TelemetryStorage.jsm:19:28
promiseArchivePing@resource://gre/modules/TelemetryArchive.jsm:103:5
promiseArchivePing@resource://gre/modules/TelemetryArchive.jsm:63:33
_submitPingLogic@resource://gre/modules/TelemetryControllerParent.jsm:540:48
send@resource://gre/modules/TelemetryControllerParent.jsm:628:24
submitExternalPing@resource://gre/modules/TelemetryControllerParent.jsm:182:17
sendPing@resource://gre/modules/EventPing.jsm:51:30
_submitPing@resource://gre/modules/EventPing.jsm:229:12
shutdown@resource://gre/modules/EventPing.jsm:112:10
_cleanupOnShutdown@resource://gre/modules/TelemetryControllerParent.jsm:940:31
shutdown/<@resource://gre/modules/TelemetryControllerParent.jsm:1010:24
observe@resource://gre/modules/AsyncShutdown.jsm:572:16

WARNING: A blocker encountered an error while we were waiting.
          Blocker:  Waiting for ping task
          Phase: TelemetryController: Waiting for pending ping activity
          State: (none)
WARNING: Error: Phase "profile-before-change" is finished, it is too late to register completion condition "OS.File: flush I/O queued before profileBeforeChange"
WARNING: addBlocker@resource://gre/modules/AsyncShutdown.jsm:718:15
addBlocker@resource://gre/modules/AsyncShutdown.jsm:523:26
addBlocker@resource://gre/modules/AsyncShutdown.jsm:462:15
setupShutdown@resource://gre/modules/osfile/osfile_async_front.jsm:1548:28
@resource://gre/modules/osfile/osfile_async_front.jsm:1568:16
@resource://gre/modules/osfile.jsm:12:30
@resource://gre/modules/TelemetryStorage.jsm:19:28
promiseArchivePing@resource://gre/modules/TelemetryArchive.jsm:103:5
promiseArchivePing@resource://gre/modules/TelemetryArchive.jsm:63:33
_submitPingLogic@resource://gre/modules/TelemetryControllerParent.jsm:540:48
send@resource://gre/modules/TelemetryControllerParent.jsm:628:24
submitExternalPing@resource://gre/modules/TelemetryControllerParent.jsm:182:17
saveShutdownPings@resource://gre/modules/TelemetrySession.jsm:982:34
shutdownChromeProcess/cleanup/<@resource://gre/modules/TelemetrySession.jsm:1232:20
cleanup@resource://gre/modules/TelemetrySession.jsm:1239:9
shutdownChromeProcess@resource://gre/modules/TelemetrySession.jsm:1256:14
shutdown@resource://gre/modules/TelemetrySession.jsm:247:17
_cleanupOnShutdown@resource://gre/modules/TelemetryControllerParent.jsm:959:35
observe@resource://gre/modules/AsyncShutdown.jsm:572:16

WARNING: A blocker encountered an error while we were waiting.
          Blocker:  Waiting for ping task
          Phase: TelemetryController: Waiting for pending ping activity
          State: (none)
WARNING: Error: Phase "profile-before-change" is finished, it is too late to register completion condition "OS.File: flush I/O queued before profileBeforeChange"
WARNING: addBlocker@resource://gre/modules/AsyncShutdown.jsm:718:15
addBlocker@resource://gre/modules/AsyncShutdown.jsm:523:26
addBlocker@resource://gre/modules/AsyncShutdown.jsm:462:15
setupShutdown@resource://gre/modules/osfile/osfile_async_front.jsm:1548:28
@resource://gre/modules/osfile/osfile_async_front.jsm:1568:16
@resource://gre/modules/osfile.jsm:12:30
@resource://gre/modules/TelemetryStorage.jsm:19:28
promiseArchivePing@resource://gre/modules/TelemetryArchive.jsm:103:5
promiseArchivePing@resource://gre/modules/TelemetryArchive.jsm:63:33
_submitPingLogic@resource://gre/modules/TelemetryControllerParent.jsm:540:48
send@resource://gre/modules/TelemetryControllerParent.jsm:628:24
submitExternalPing@resource://gre/modules/TelemetryControllerParent.jsm:182:17
saveShutdownPings@resource://gre/modules/TelemetrySession.jsm:1014:36
shutdownChromeProcess/cleanup/<@resource://gre/modules/TelemetrySession.jsm:1232:20
cleanup@resource://gre/modules/TelemetrySession.jsm:1239:9
shutdownChromeProcess@resource://gre/modules/TelemetrySession.jsm:1256:14
shutdown@resource://gre/modules/TelemetrySession.jsm:247:17
_cleanupOnShutdown@resource://gre/modules/TelemetryControllerParent.jsm:959:35
observe@resource://gre/modules/AsyncShutdown.jsm:572:16

WARNING: A blocker encountered an error while we were waiting.
          Blocker:  TelemetryController: shutting down
          Phase: profile-before-change-telemetry
          State: Error getting state: Error: Phase "profile-before-change" is finished, it is too late to register completion condition "OS.File: flush I/O queued before profileBeforeChange" at addBlocker@resource://gre/modules/AsyncShutdown.jsm:718:15
addBlocker@resource://gre/modules/AsyncShutdown.jsm:523:26
addBlocker@resource://gre/modules/AsyncShutdown.jsm:462:15
setupShutdown@resource://gre/modules/osfile/osfile_async_front.jsm:1548:28
@resource://gre/modules/osfile/osfile_async_front.jsm:1568:16
@resource://gre/modules/osfile.jsm:12:30
@resource://gre/modules/TelemetryStorage.jsm:19:28
getShutdownState@resource://gre/modules/TelemetrySend.jsm:1692:7
getShutdownState@resource://gre/modules/TelemetrySend.jsm:374:30
_getState@resource://gre/modules/TelemetryControllerParent.jsm:1058:38
setupTelemetry/<@resource://gre/modules/TelemetryControllerParent.jsm:917:18
safeGetState@resource://gre/modules/AsyncShutdown.jsm:254:17
Barrier/_internalAddBlocker/promise<@resource://gre/modules/AsyncShutdown.jsm:773:20
observe@resource://gre/modules/AsyncShutdown.jsm:572:16

WARNING: Error: Phase "profile-before-change" is finished, it is too late to register completion condition "OS.File: flush I/O queued before profileBeforeChange"
WARNING: addBlocker@resource://gre/modules/AsyncShutdown.jsm:718:15
addBlocker@resource://gre/modules/AsyncShutdown.jsm:523:26
addBlocker@resource://gre/modules/AsyncShutdown.jsm:462:15
setupShutdown@resource://gre/modules/osfile/osfile_async_front.jsm:1548:28
@resource://gre/modules/osfile/osfile_async_front.jsm:1568:16
@resource://gre/modules/osfile.jsm:12:30
@resource://gre/modules/TelemetryStorage.jsm:19:28
removeAbortedSessionPing@resource://gre/modules/TelemetryControllerParent.jsm:721:5
removeAbortedSessionPing@resource://gre/modules/TelemetryControllerParent.jsm:249:17
shutdownChromeProcess/cleanup/<@resource://gre/modules/TelemetrySession.jsm:1235:42
observe@resource://gre/modules/AsyncShutdown.jsm:572:16

JavaScript error: resource://gre/modules/AsyncShutdown.jsm, line 718: Error: Phase "profile-before-change" is finished, it is too late to register completion condition "OS.File: flush I/O queued before profileBeforeChange"
JavaScript error: resource://gre/modules/AsyncShutdown.jsm, line 718: Error: Phase "profile-before-change" is finished, it is too late to register completion condition "OS.File: flush I/O queued before profileBeforeChange"
JavaScript error: resource://gre/modules/AsyncShutdown.jsm, line 718: Error: Phase "profile-before-change" is finished, it is too late to register completion condition "OS.File: flush I/O queued before profileBeforeChange"
JavaScript error: resource://gre/modules/AsyncShutdown.jsm, line 718: Error: Phase "profile-before-change" is finished, it is too late to register completion condition "OS.File: flush I/O queued before profileBeforeChange"
JavaScript error: resource://gre/modules/AsyncShutdown.jsm, line 718: Error: Phase "profile-before-change" is finished, it is too late to register completion condition "OS.File: flush I/O queued before profileBeforeChange"
JavaScript error: resource://gre/modules/AsyncShutdown.jsm, line 718: Error: Phase "profile-before-change" is finished, it is too late to register completion condition "OS.File: flush I/O queued before profileBeforeChange"
1675227150737	geckodriver	INFO	Listening on 127.0.0.1:60293
1675227153820	mozrunner::runner	INFO	Running command: "C:\\Program Files\\Mozilla Firefox\\firefox.exe" "--marionette" "--headless" "--remote-debugging-port" "60294" "--remote-allow-hosts" "localhost" "-no-remote" "-profile" "C:\\Users\\User\\AppData\\Local\\Temp\\rust_mozprofileXHdskJ"
*** You are running in headless mode.
1675227154183	Marionette	INFO	Marionette enabled
Dynamically enable window occlusion 0
1675227154189	Marionette	INFO	Listening on port 60303
WebDriver BiDi listening on ws://127.0.0.1:60294
Read port: 60303
1675227154406	RemoteAgent	WARN	TLS certificate errors will be ignored for this session
[GFX1-]: RenderCompositorSWGL failed mapping default framebuffer, no dt
console.warn: SearchSettings: "get: No settings file exists, new profile?" (new NotFoundError("Could not open the file at C:\\Users\\User\\AppData\\Local\\Temp\\rust_mozprofileXHdskJ\\search.json.mozlz4", (void 0)))
DevTools listening on ws://127.0.0.1:60294/devtools/browser/229343e6-4f25-438d-8b51-b09021707325
1675227155629	geckodriver	INFO	Listening on 127.0.0.1:60314
1675227158668	mozrunner::runner	INFO	Running command: "C:\\Program Files\\Mozilla Firefox\\firefox.exe" "--marionette" "--remote-debugging-port" "60315" "--remote-allow-hosts" "localhost" "-no-remote" "-profile" "C:\\Users\\User\\AppData\\Local\\Temp\\rust_mozprofile5bdgnQ"
1675227159026	Marionette	INFO	Marionette enabled
Dynamically enable window occlusion 0
1675227159034	Marionette	INFO	Listening on port 60329
Read port: 60329
WebDriver BiDi listening on ws://127.0.0.1:60315
1675227159186	RemoteAgent	WARN	TLS certificate errors will be ignored for this session
console.warn: SearchSettings: "get: No settings file exists, new profile?" (new NotFoundError("Could not open the file at C:\\Users\\User\\AppData\\Local\\Temp\\rust_mozprofile5bdgnQ\\search.json.mozlz4", (void 0)))
DevTools listening on ws://127.0.0.1:60315/devtools/browser/b3f47a42-e015-4ac3-97db-6126659b451d
console.warn: LoginRecipes: "Falling back to a synchronous message for: https://www.diw.go.th."
console.warn: LoginRecipes: "Falling back to a synchronous message for: https://www.diw.go.th."
1675227180017	Marionette	INFO	Stopped listening on port 60329
Dynamically enable window occlusion 1
console.warn: TopSitesFeed: Failed to fetch data from Contile server: NetworkError when attempting to fetch resource.
WARNING: A blocker encountered an error while we were waiting.
          Blocker:  Waiting for ping task
          Phase: TelemetryController: Waiting for pending ping activity
          State: (none)
WARNING: Error: Phase "profile-before-change" is finished, it is too late to register completion condition "OS.File: flush I/O queued before profileBeforeChange"
WARNING: addBlocker@resource://gre/modules/AsyncShutdown.jsm:718:15
addBlocker@resource://gre/modules/AsyncShutdown.jsm:523:26
addBlocker@resource://gre/modules/AsyncShutdown.jsm:462:15
setupShutdown@resource://gre/modules/osfile/osfile_async_front.jsm:1548:28
@resource://gre/modules/osfile/osfile_async_front.jsm:1568:16
@resource://gre/modules/osfile.jsm:12:30
@resource://gre/modules/TelemetryStorage.jsm:19:28
promiseArchivePing@resource://gre/modules/TelemetryArchive.jsm:103:5
promiseArchivePing@resource://gre/modules/TelemetryArchive.jsm:63:33
_submitPingLogic@resource://gre/modules/TelemetryControllerParent.jsm:540:48
send@resource://gre/modules/TelemetryControllerParent.jsm:628:24
submitExternalPing@resource://gre/modules/TelemetryControllerParent.jsm:182:17
sendPing@resource://gre/modules/EventPing.jsm:51:30
_submitPing@resource://gre/modules/EventPing.jsm:229:12
shutdown@resource://gre/modules/EventPing.jsm:112:10
_cleanupOnShutdown@resource://gre/modules/TelemetryControllerParent.jsm:940:31
shutdown/<@resource://gre/modules/TelemetryControllerParent.jsm:1010:24
observe@resource://gre/modules/AsyncShutdown.jsm:572:16

WARNING: A blocker encountered an error while we were waiting.
          Blocker:  Waiting for ping task
          Phase: TelemetryController: Waiting for pending ping activity
          State: (none)
WARNING: Error: Phase "profile-before-change" is finished, it is too late to register completion condition "OS.File: flush I/O queued before profileBeforeChange"
WARNING: addBlocker@resource://gre/modules/AsyncShutdown.jsm:718:15
addBlocker@resource://gre/modules/AsyncShutdown.jsm:523:26
addBlocker@resource://gre/modules/AsyncShutdown.jsm:462:15
setupShutdown@resource://gre/modules/osfile/osfile_async_front.jsm:1548:28
@resource://gre/modules/osfile/osfile_async_front.jsm:1568:16
@resource://gre/modules/osfile.jsm:12:30
@resource://gre/modules/TelemetryStorage.jsm:19:28
promiseArchivePing@resource://gre/modules/TelemetryArchive.jsm:103:5
promiseArchivePing@resource://gre/modules/TelemetryArchive.jsm:63:33
_submitPingLogic@resource://gre/modules/TelemetryControllerParent.jsm:540:48
send@resource://gre/modules/TelemetryControllerParent.jsm:628:24
submitExternalPing@resource://gre/modules/TelemetryControllerParent.jsm:182:17
saveShutdownPings@resource://gre/modules/TelemetrySession.jsm:982:34
shutdownChromeProcess/cleanup/<@resource://gre/modules/TelemetrySession.jsm:1232:20
cleanup@resource://gre/modules/TelemetrySession.jsm:1239:9
shutdownChromeProcess@resource://gre/modules/TelemetrySession.jsm:1256:14
shutdown@resource://gre/modules/TelemetrySession.jsm:247:17
_cleanupOnShutdown@resource://gre/modules/TelemetryControllerParent.jsm:959:35
observe@resource://gre/modules/AsyncShutdown.jsm:572:16

WARNING: A blocker encountered an error while we were waiting.
          Blocker:  Waiting for ping task
          Phase: TelemetryController: Waiting for pending ping activity
          State: (none)
WARNING: Error: Phase "profile-before-change" is finished, it is too late to register completion condition "OS.File: flush I/O queued before profileBeforeChange"
WARNING: addBlocker@resource://gre/modules/AsyncShutdown.jsm:718:15
addBlocker@resource://gre/modules/AsyncShutdown.jsm:523:26
addBlocker@resource://gre/modules/AsyncShutdown.jsm:462:15
setupShutdown@resource://gre/modules/osfile/osfile_async_front.jsm:1548:28
@resource://gre/modules/osfile/osfile_async_front.jsm:1568:16
@resource://gre/modules/osfile.jsm:12:30
@resource://gre/modules/TelemetryStorage.jsm:19:28
promiseArchivePing@resource://gre/modules/TelemetryArchive.jsm:103:5
promiseArchivePing@resource://gre/modules/TelemetryArchive.jsm:63:33
_submitPingLogic@resource://gre/modules/TelemetryControllerParent.jsm:540:48
send@resource://gre/modules/TelemetryControllerParent.jsm:628:24
submitExternalPing@resource://gre/modules/TelemetryControllerParent.jsm:182:17
saveShutdownPings@resource://gre/modules/TelemetrySession.jsm:1014:36
shutdownChromeProcess/cleanup/<@resource://gre/modules/TelemetrySession.jsm:1232:20
cleanup@resource://gre/modules/TelemetrySession.jsm:1239:9
shutdownChromeProcess@resource://gre/modules/TelemetrySession.jsm:1256:14
shutdown@resource://gre/modules/TelemetrySession.jsm:247:17
_cleanupOnShutdown@resource://gre/modules/TelemetryControllerParent.jsm:959:35
observe@resource://gre/modules/AsyncShutdown.jsm:572:16

WARNING: A blocker encountered an error while we were waiting.
          Blocker:  TelemetryController: shutting down
          Phase: profile-before-change-telemetry
          State: Error getting state: Error: Phase "profile-before-change" is finished, it is too late to register completion condition "OS.File: flush I/O queued before profileBeforeChange" at addBlocker@resource://gre/modules/AsyncShutdown.jsm:718:15
addBlocker@resource://gre/modules/AsyncShutdown.jsm:523:26
addBlocker@resource://gre/modules/AsyncShutdown.jsm:462:15
setupShutdown@resource://gre/modules/osfile/osfile_async_front.jsm:1548:28
@resource://gre/modules/osfile/osfile_async_front.jsm:1568:16
@resource://gre/modules/osfile.jsm:12:30
@resource://gre/modules/TelemetryStorage.jsm:19:28
getShutdownState@resource://gre/modules/TelemetrySend.jsm:1692:7
getShutdownState@resource://gre/modules/TelemetrySend.jsm:374:30
_getState@resource://gre/modules/TelemetryControllerParent.jsm:1058:38
setupTelemetry/<@resource://gre/modules/TelemetryControllerParent.jsm:917:18
safeGetState@resource://gre/modules/AsyncShutdown.jsm:254:17
Barrier/_internalAddBlocker/promise<@resource://gre/modules/AsyncShutdown.jsm:773:20
observe@resource://gre/modules/AsyncShutdown.jsm:572:16

WARNING: Error: Phase "profile-before-change" is finished, it is too late to register completion condition "OS.File: flush I/O queued before profileBeforeChange"
WARNING: addBlocker@resource://gre/modules/AsyncShutdown.jsm:718:15
addBlocker@resource://gre/modules/AsyncShutdown.jsm:523:26
addBlocker@resource://gre/modules/AsyncShutdown.jsm:462:15
setupShutdown@resource://gre/modules/osfile/osfile_async_front.jsm:1548:28
@resource://gre/modules/osfile/osfile_async_front.jsm:1568:16
@resource://gre/modules/osfile.jsm:12:30
@resource://gre/modules/TelemetryStorage.jsm:19:28
removeAbortedSessionPing@resource://gre/modules/TelemetryControllerParent.jsm:721:5
removeAbortedSessionPing@resource://gre/modules/TelemetryControllerParent.jsm:249:17
shutdownChromeProcess/cleanup/<@resource://gre/modules/TelemetrySession.jsm:1235:42
observe@resource://gre/modules/AsyncShutdown.jsm:572:16

JavaScript error: resource://gre/modules/AsyncShutdown.jsm, line 718: Error: Phase "profile-before-change" is finished, it is too late to register completion condition "OS.File: flush I/O queued before profileBeforeChange"
JavaScript error: resource://gre/modules/AsyncShutdown.jsm, line 718: Error: Phase "profile-before-change" is finished, it is too late to register completion condition "OS.File: flush I/O queued before profileBeforeChange"
JavaScript error: resource://gre/modules/AsyncShutdown.jsm, line 718: Error: Phase "profile-before-change" is finished, it is too late to register completion condition "OS.File: flush I/O queued before profileBeforeChange"
JavaScript error: resource://gre/modules/AsyncShutdown.jsm, line 718: Error: Phase "profile-before-change" is finished, it is too late to register completion condition "OS.File: flush I/O queued before profileBeforeChange"
JavaScript error: resource://gre/modules/AsyncShutdown.jsm, line 718: Error: Phase "profile-before-change" is finished, it is too late to register completion condition "OS.File: flush I/O queued before profileBeforeChange"
JavaScript error: resource://gre/modules/AsyncShutdown.jsm, line 718: Error: Phase "profile-before-change" is finished, it is too late to register completion condition "OS.File: flush I/O queued before profileBeforeChange"
1675227201542	geckodriver	INFO	Listening on 127.0.0.1:60427
1675227204593	mozrunner::runner	INFO	Running command: "C:\\Program Files\\Mozilla Firefox\\firefox.exe" "--marionette" "--headless" "--remote-debugging-port" "60428" "--remote-allow-hosts" "localhost" "-no-remote" "-profile" "C:\\Users\\User\\AppData\\Local\\Temp\\rust_mozprofileActEDe"
*** You are running in headless mode.
1675227205042	Marionette	INFO	Marionette enabled
Dynamically enable window occlusion 0
1675227205047	Marionette	INFO	Listening on port 60453
WebDriver BiDi listening on ws://127.0.0.1:60428
Read port: 60453
1675227205305	RemoteAgent	WARN	TLS certificate errors will be ignored for this session
[GFX1-]: RenderCompositorSWGL failed mapping default framebuffer, no dt
console.warn: SearchSettings: "get: No settings file exists, new profile?" (new NotFoundError("Could not open the file at C:\\Users\\User\\AppData\\Local\\Temp\\rust_mozprofileActEDe\\search.json.mozlz4", (void 0)))
DevTools listening on ws://127.0.0.1:60428/devtools/browser/05065e31-d38c-453e-9905-20382ed60c17
1675227206406	geckodriver	INFO	Listening on 127.0.0.1:60465
1675227209471	mozrunner::runner	INFO	Running command: "C:\\Program Files\\Mozilla Firefox\\firefox.exe" "--marionette" "--remote-debugging-port" "60466" "--remote-allow-hosts" "localhost" "-no-remote" "-profile" "C:\\Users\\User\\AppData\\Local\\Temp\\rust_mozprofilefeyzdW"
1675227209823	Marionette	INFO	Marionette enabled
Dynamically enable window occlusion 0
1675227209830	Marionette	INFO	Listening on port 60492
Read port: 60492
WebDriver BiDi listening on ws://127.0.0.1:60466
1675227210000	RemoteAgent	WARN	TLS certificate errors will be ignored for this session
console.warn: SearchSettings: "get: No settings file exists, new profile?" (new NotFoundError("Could not open the file at C:\\Users\\User\\AppData\\Local\\Temp\\rust_mozprofilefeyzdW\\search.json.mozlz4", (void 0)))
DevTools listening on ws://127.0.0.1:60466/devtools/browser/216183a6-08e1-4c8b-8ce9-5adfbb3b0736
console.warn: LoginRecipes: "Falling back to a synchronous message for: https://www.diw.go.th."
1675227222549	Marionette	INFO	Stopped listening on port 60492
Dynamically enable window occlusion 1
console.warn: TopSitesFeed: Failed to fetch data from Contile server: NetworkError when attempting to fetch resource.
WARNING: A blocker encountered an error while we were waiting.
          Blocker:  Waiting for ping task
          Phase: TelemetryController: Waiting for pending ping activity
          State: (none)
WARNING: Error: Phase "profile-before-change" is finished, it is too late to register completion condition "OS.File: flush I/O queued before profileBeforeChange"
WARNING: addBlocker@resource://gre/modules/AsyncShutdown.jsm:718:15
addBlocker@resource://gre/modules/AsyncShutdown.jsm:523:26
addBlocker@resource://gre/modules/AsyncShutdown.jsm:462:15
setupShutdown@resource://gre/modules/osfile/osfile_async_front.jsm:1548:28
@resource://gre/modules/osfile/osfile_async_front.jsm:1568:16
@resource://gre/modules/osfile.jsm:12:30
@resource://gre/modules/TelemetryStorage.jsm:19:28
promiseArchivePing@resource://gre/modules/TelemetryArchive.jsm:103:5
promiseArchivePing@resource://gre/modules/TelemetryArchive.jsm:63:33
_submitPingLogic@resource://gre/modules/TelemetryControllerParent.jsm:540:48
send@resource://gre/modules/TelemetryControllerParent.jsm:628:24
submitExternalPing@resource://gre/modules/TelemetryControllerParent.jsm:182:17
sendPing@resource://gre/modules/EventPing.jsm:51:30
_submitPing@resource://gre/modules/EventPing.jsm:229:12
shutdown@resource://gre/modules/EventPing.jsm:112:10
_cleanupOnShutdown@resource://gre/modules/TelemetryControllerParent.jsm:940:31
shutdown/<@resource://gre/modules/TelemetryControllerParent.jsm:1010:24
observe@resource://gre/modules/AsyncShutdown.jsm:572:16

WARNING: A blocker encountered an error while we were waiting.
          Blocker:  Waiting for ping task
          Phase: TelemetryController: Waiting for pending ping activity
          State: (none)
WARNING: Error: Phase "profile-before-change" is finished, it is too late to register completion condition "OS.File: flush I/O queued before profileBeforeChange"
WARNING: addBlocker@resource://gre/modules/AsyncShutdown.jsm:718:15
addBlocker@resource://gre/modules/AsyncShutdown.jsm:523:26
addBlocker@resource://gre/modules/AsyncShutdown.jsm:462:15
setupShutdown@resource://gre/modules/osfile/osfile_async_front.jsm:1548:28
@resource://gre/modules/osfile/osfile_async_front.jsm:1568:16
@resource://gre/modules/osfile.jsm:12:30
@resource://gre/modules/TelemetryStorage.jsm:19:28
promiseArchivePing@resource://gre/modules/TelemetryArchive.jsm:103:5
promiseArchivePing@resource://gre/modules/TelemetryArchive.jsm:63:33
_submitPingLogic@resource://gre/modules/TelemetryControllerParent.jsm:540:48
send@resource://gre/modules/TelemetryControllerParent.jsm:628:24
submitExternalPing@resource://gre/modules/TelemetryControllerParent.jsm:182:17
saveShutdownPings@resource://gre/modules/TelemetrySession.jsm:982:34
shutdownChromeProcess/cleanup/<@resource://gre/modules/TelemetrySession.jsm:1232:20
cleanup@resource://gre/modules/TelemetrySession.jsm:1239:9
shutdownChromeProcess@resource://gre/modules/TelemetrySession.jsm:1256:14
shutdown@resource://gre/modules/TelemetrySession.jsm:247:17
_cleanupOnShutdown@resource://gre/modules/TelemetryControllerParent.jsm:959:35
observe@resource://gre/modules/AsyncShutdown.jsm:572:16

WARNING: A blocker encountered an error while we were waiting.
          Blocker:  Waiting for ping task
          Phase: TelemetryController: Waiting for pending ping activity
          State: (none)
WARNING: Error: Phase "profile-before-change" is finished, it is too late to register completion condition "OS.File: flush I/O queued before profileBeforeChange"
WARNING: addBlocker@resource://gre/modules/AsyncShutdown.jsm:718:15
addBlocker@resource://gre/modules/AsyncShutdown.jsm:523:26
addBlocker@resource://gre/modules/AsyncShutdown.jsm:462:15
setupShutdown@resource://gre/modules/osfile/osfile_async_front.jsm:1548:28
@resource://gre/modules/osfile/osfile_async_front.jsm:1568:16
@resource://gre/modules/osfile.jsm:12:30
@resource://gre/modules/TelemetryStorage.jsm:19:28
promiseArchivePing@resource://gre/modules/TelemetryArchive.jsm:103:5
promiseArchivePing@resource://gre/modules/TelemetryArchive.jsm:63:33
_submitPingLogic@resource://gre/modules/TelemetryControllerParent.jsm:540:48
send@resource://gre/modules/TelemetryControllerParent.jsm:628:24
submitExternalPing@resource://gre/modules/TelemetryControllerParent.jsm:182:17
saveShutdownPings@resource://gre/modules/TelemetrySession.jsm:1014:36
shutdownChromeProcess/cleanup/<@resource://gre/modules/TelemetrySession.jsm:1232:20
cleanup@resource://gre/modules/TelemetrySession.jsm:1239:9
shutdownChromeProcess@resource://gre/modules/TelemetrySession.jsm:1256:14
shutdown@resource://gre/modules/TelemetrySession.jsm:247:17
_cleanupOnShutdown@resource://gre/modules/TelemetryControllerParent.jsm:959:35
observe@resource://gre/modules/AsyncShutdown.jsm:572:16

WARNING: A blocker encountered an error while we were waiting.
          Blocker:  TelemetryController: shutting down
          Phase: profile-before-change-telemetry
          State: Error getting state: Error: Phase "profile-before-change" is finished, it is too late to register completion condition "OS.File: flush I/O queued before profileBeforeChange" at addBlocker@resource://gre/modules/AsyncShutdown.jsm:718:15
addBlocker@resource://gre/modules/AsyncShutdown.jsm:523:26
addBlocker@resource://gre/modules/AsyncShutdown.jsm:462:15
setupShutdown@resource://gre/modules/osfile/osfile_async_front.jsm:1548:28
@resource://gre/modules/osfile/osfile_async_front.jsm:1568:16
@resource://gre/modules/osfile.jsm:12:30
@resource://gre/modules/TelemetryStorage.jsm:19:28
getShutdownState@resource://gre/modules/TelemetrySend.jsm:1692:7
getShutdownState@resource://gre/modules/TelemetrySend.jsm:374:30
_getState@resource://gre/modules/TelemetryControllerParent.jsm:1058:38
setupTelemetry/<@resource://gre/modules/TelemetryControllerParent.jsm:917:18
safeGetState@resource://gre/modules/AsyncShutdown.jsm:254:17
Barrier/_internalAddBlocker/promise<@resource://gre/modules/AsyncShutdown.jsm:773:20
observe@resource://gre/modules/AsyncShutdown.jsm:572:16

WARNING: Error: Phase "profile-before-change" is finished, it is too late to register completion condition "OS.File: flush I/O queued before profileBeforeChange"
WARNING: addBlocker@resource://gre/modules/AsyncShutdown.jsm:718:15
addBlocker@resource://gre/modules/AsyncShutdown.jsm:523:26
addBlocker@resource://gre/modules/AsyncShutdown.jsm:462:15
setupShutdown@resource://gre/modules/osfile/osfile_async_front.jsm:1548:28
@resource://gre/modules/osfile/osfile_async_front.jsm:1568:16
@resource://gre/modules/osfile.jsm:12:30
@resource://gre/modules/TelemetryStorage.jsm:19:28
removeAbortedSessionPing@resource://gre/modules/TelemetryControllerParent.jsm:721:5
removeAbortedSessionPing@resource://gre/modules/TelemetryControllerParent.jsm:249:17
shutdownChromeProcess/cleanup/<@resource://gre/modules/TelemetrySession.jsm:1235:42
observe@resource://gre/modules/AsyncShutdown.jsm:572:16

JavaScript error: resource://gre/modules/AsyncShutdown.jsm, line 718: Error: Phase "profile-before-change" is finished, it is too late to register completion condition "OS.File: flush I/O queued before profileBeforeChange"
JavaScript error: resource://gre/modules/AsyncShutdown.jsm, line 718: Error: Phase "profile-before-change" is finished, it is too late to register completion condition "OS.File: flush I/O queued before profileBeforeChange"
JavaScript error: resource://gre/modules/AsyncShutdown.jsm, line 718: Error: Phase "profile-before-change" is finished, it is too late to register completion condition "OS.File: flush I/O queued before profileBeforeChange"
JavaScript error: resource://gre/modules/AsyncShutdown.jsm, line 718: Error: Phase "profile-before-change" is finished, it is too late to register completion condition "OS.File: flush I/O queued before profileBeforeChange"
JavaScript error: resource://gre/modules/AsyncShutdown.jsm, line 718: Error: Phase "profile-before-change" is finished, it is too late to register completion condition "OS.File: flush I/O queued before profileBeforeChange"
JavaScript error: resource://gre/modules/AsyncShutdown.jsm, line 718: Error: Phase "profile-before-change" is finished, it is too late to register completion condition "OS.File: flush I/O queued before profileBeforeChange"
1675227256431	geckodriver	INFO	Listening on 127.0.0.1:60658
1675227259493	mozrunner::runner	INFO	Running command: "C:\\Program Files\\Mozilla Firefox\\firefox.exe" "--marionette" "--headless" "--remote-debugging-port" "60659" "--remote-allow-hosts" "localhost" "-no-remote" "-profile" "C:\\Users\\User\\AppData\\Local\\Temp\\rust_mozprofileARJ5ge"
*** You are running in headless mode.
1675227259877	Marionette	INFO	Marionette enabled
Dynamically enable window occlusion 0
1675227259883	Marionette	INFO	Listening on port 60671
Read port: 60671
WebDriver BiDi listening on ws://127.0.0.1:60659
1675227260013	RemoteAgent	WARN	TLS certificate errors will be ignored for this session
[GFX1-]: RenderCompositorSWGL failed mapping default framebuffer, no dt
console.warn: SearchSettings: "get: No settings file exists, new profile?" (new NotFoundError("Could not open the file at C:\\Users\\User\\AppData\\Local\\Temp\\rust_mozprofileARJ5ge\\search.json.mozlz4", (void 0)))
DevTools listening on ws://127.0.0.1:60659/devtools/browser/282bdd04-6507-479b-a06e-709fd04151c4
1675227261283	geckodriver	INFO	Listening on 127.0.0.1:60683
1675227264342	mozrunner::runner	INFO	Running command: "C:\\Program Files\\Mozilla Firefox\\firefox.exe" "--marionette" "--remote-debugging-port" "60684" "--remote-allow-hosts" "localhost" "-no-remote" "-profile" "C:\\Users\\User\\AppData\\Local\\Temp\\rust_mozprofilepDMREb"
1675227264763	Marionette	INFO	Marionette enabled
Dynamically enable window occlusion 0
1675227264771	Marionette	INFO	Listening on port 60711
Read port: 60711
WebDriver BiDi listening on ws://127.0.0.1:60684
1675227264923	RemoteAgent	WARN	TLS certificate errors will be ignored for this session
console.warn: SearchSettings: "get: No settings file exists, new profile?" (new NotFoundError("Could not open the file at C:\\Users\\User\\AppData\\Local\\Temp\\rust_mozprofilepDMREb\\search.json.mozlz4", (void 0)))
DevTools listening on ws://127.0.0.1:60684/devtools/browser/222f9005-e907-4f65-a56a-79e67e4a06f7
console.warn: LoginRecipes: "Falling back to a synchronous message for: https://www.diw.go.th."
console.warn: LoginRecipes: "Falling back to a synchronous message for: https://www.diw.go.th."
1675227289212	Marionette	INFO	Stopped listening on port 60711
Dynamically enable window occlusion 1
console.warn: TopSitesFeed: Failed to fetch data from Contile server: NetworkError when attempting to fetch resource.
WARNING: A blocker encountered an error while we were waiting.
          Blocker:  Waiting for ping task
          Phase: TelemetryController: Waiting for pending ping activity
          State: (none)
WARNING: Error: Phase "profile-before-change" is finished, it is too late to register completion condition "OS.File: flush I/O queued before profileBeforeChange"
WARNING: addBlocker@resource://gre/modules/AsyncShutdown.jsm:718:15
addBlocker@resource://gre/modules/AsyncShutdown.jsm:523:26
addBlocker@resource://gre/modules/AsyncShutdown.jsm:462:15
setupShutdown@resource://gre/modules/osfile/osfile_async_front.jsm:1548:28
@resource://gre/modules/osfile/osfile_async_front.jsm:1568:16
@resource://gre/modules/osfile.jsm:12:30
@resource://gre/modules/TelemetryStorage.jsm:19:28
promiseArchivePing@resource://gre/modules/TelemetryArchive.jsm:103:5
promiseArchivePing@resource://gre/modules/TelemetryArchive.jsm:63:33
_submitPingLogic@resource://gre/modules/TelemetryControllerParent.jsm:540:48
send@resource://gre/modules/TelemetryControllerParent.jsm:628:24
submitExternalPing@resource://gre/modules/TelemetryControllerParent.jsm:182:17
sendPing@resource://gre/modules/EventPing.jsm:51:30
_submitPing@resource://gre/modules/EventPing.jsm:229:12
shutdown@resource://gre/modules/EventPing.jsm:112:10
_cleanupOnShutdown@resource://gre/modules/TelemetryControllerParent.jsm:940:31
shutdown/<@resource://gre/modules/TelemetryControllerParent.jsm:1010:24
observe@resource://gre/modules/AsyncShutdown.jsm:572:16

WARNING: A blocker encountered an error while we were waiting.
          Blocker:  Waiting for ping task
          Phase: TelemetryController: Waiting for pending ping activity
          State: (none)
WARNING: Error: Phase "profile-before-change" is finished, it is too late to register completion condition "OS.File: flush I/O queued before profileBeforeChange"
WARNING: addBlocker@resource://gre/modules/AsyncShutdown.jsm:718:15
addBlocker@resource://gre/modules/AsyncShutdown.jsm:523:26
addBlocker@resource://gre/modules/AsyncShutdown.jsm:462:15
setupShutdown@resource://gre/modules/osfile/osfile_async_front.jsm:1548:28
@resource://gre/modules/osfile/osfile_async_front.jsm:1568:16
@resource://gre/modules/osfile.jsm:12:30
@resource://gre/modules/TelemetryStorage.jsm:19:28
promiseArchivePing@resource://gre/modules/TelemetryArchive.jsm:103:5
promiseArchivePing@resource://gre/modules/TelemetryArchive.jsm:63:33
_submitPingLogic@resource://gre/modules/TelemetryControllerParent.jsm:540:48
send@resource://gre/modules/TelemetryControllerParent.jsm:628:24
submitExternalPing@resource://gre/modules/TelemetryControllerParent.jsm:182:17
saveShutdownPings@resource://gre/modules/TelemetrySession.jsm:982:34
shutdownChromeProcess/cleanup/<@resource://gre/modules/TelemetrySession.jsm:1232:20
cleanup@resource://gre/modules/TelemetrySession.jsm:1239:9
shutdownChromeProcess@resource://gre/modules/TelemetrySession.jsm:1256:14
shutdown@resource://gre/modules/TelemetrySession.jsm:247:17
_cleanupOnShutdown@resource://gre/modules/TelemetryControllerParent.jsm:959:35
observe@resource://gre/modules/AsyncShutdown.jsm:572:16

WARNING: A blocker encountered an error while we were waiting.
          Blocker:  Waiting for ping task
          Phase: TelemetryController: Waiting for pending ping activity
          State: (none)
WARNING: Error: Phase "profile-before-change" is finished, it is too late to register completion condition "OS.File: flush I/O queued before profileBeforeChange"
WARNING: addBlocker@resource://gre/modules/AsyncShutdown.jsm:718:15
addBlocker@resource://gre/modules/AsyncShutdown.jsm:523:26
addBlocker@resource://gre/modules/AsyncShutdown.jsm:462:15
setupShutdown@resource://gre/modules/osfile/osfile_async_front.jsm:1548:28
@resource://gre/modules/osfile/osfile_async_front.jsm:1568:16
@resource://gre/modules/osfile.jsm:12:30
@resource://gre/modules/TelemetryStorage.jsm:19:28
promiseArchivePing@resource://gre/modules/TelemetryArchive.jsm:103:5
promiseArchivePing@resource://gre/modules/TelemetryArchive.jsm:63:33
_submitPingLogic@resource://gre/modules/TelemetryControllerParent.jsm:540:48
send@resource://gre/modules/TelemetryControllerParent.jsm:628:24
submitExternalPing@resource://gre/modules/TelemetryControllerParent.jsm:182:17
saveShutdownPings@resource://gre/modules/TelemetrySession.jsm:1014:36
shutdownChromeProcess/cleanup/<@resource://gre/modules/TelemetrySession.jsm:1232:20
cleanup@resource://gre/modules/TelemetrySession.jsm:1239:9
shutdownChromeProcess@resource://gre/modules/TelemetrySession.jsm:1256:14
shutdown@resource://gre/modules/TelemetrySession.jsm:247:17
_cleanupOnShutdown@resource://gre/modules/TelemetryControllerParent.jsm:959:35
observe@resource://gre/modules/AsyncShutdown.jsm:572:16

WARNING: A blocker encountered an error while we were waiting.
          Blocker:  TelemetryController: shutting down
          Phase: profile-before-change-telemetry
          State: Error getting state: Error: Phase "profile-before-change" is finished, it is too late to register completion condition "OS.File: flush I/O queued before profileBeforeChange" at addBlocker@resource://gre/modules/AsyncShutdown.jsm:718:15
addBlocker@resource://gre/modules/AsyncShutdown.jsm:523:26
addBlocker@resource://gre/modules/AsyncShutdown.jsm:462:15
setupShutdown@resource://gre/modules/osfile/osfile_async_front.jsm:1548:28
@resource://gre/modules/osfile/osfile_async_front.jsm:1568:16
@resource://gre/modules/osfile.jsm:12:30
@resource://gre/modules/TelemetryStorage.jsm:19:28
getShutdownState@resource://gre/modules/TelemetrySend.jsm:1692:7
getShutdownState@resource://gre/modules/TelemetrySend.jsm:374:30
_getState@resource://gre/modules/TelemetryControllerParent.jsm:1058:38
setupTelemetry/<@resource://gre/modules/TelemetryControllerParent.jsm:917:18
safeGetState@resource://gre/modules/AsyncShutdown.jsm:254:17
Barrier/_internalAddBlocker/promise<@resource://gre/modules/AsyncShutdown.jsm:773:20
observe@resource://gre/modules/AsyncShutdown.jsm:572:16

WARNING: Error: Phase "profile-before-change" is finished, it is too late to register completion condition "OS.File: flush I/O queued before profileBeforeChange"
WARNING: addBlocker@resource://gre/modules/AsyncShutdown.jsm:718:15
addBlocker@resource://gre/modules/AsyncShutdown.jsm:523:26
addBlocker@resource://gre/modules/AsyncShutdown.jsm:462:15
setupShutdown@resource://gre/modules/osfile/osfile_async_front.jsm:1548:28
@resource://gre/modules/osfile/osfile_async_front.jsm:1568:16
@resource://gre/modules/osfile.jsm:12:30
@resource://gre/modules/TelemetryStorage.jsm:19:28
removeAbortedSessionPing@resource://gre/modules/TelemetryControllerParent.jsm:721:5
removeAbortedSessionPing@resource://gre/modules/TelemetryControllerParent.jsm:249:17
shutdownChromeProcess/cleanup/<@resource://gre/modules/TelemetrySession.jsm:1235:42
observe@resource://gre/modules/AsyncShutdown.jsm:572:16

JavaScript error: resource://gre/modules/AsyncShutdown.jsm, line 718: Error: Phase "profile-before-change" is finished, it is too late to register completion condition "OS.File: flush I/O queued before profileBeforeChange"
JavaScript error: resource://gre/modules/AsyncShutdown.jsm, line 718: Error: Phase "profile-before-change" is finished, it is too late to register completion condition "OS.File: flush I/O queued before profileBeforeChange"
JavaScript error: resource://gre/modules/AsyncShutdown.jsm, line 718: Error: Phase "profile-before-change" is finished, it is too late to register completion condition "OS.File: flush I/O queued before profileBeforeChange"
JavaScript error: resource://gre/modules/AsyncShutdown.jsm, line 718: Error: Phase "profile-before-change" is finished, it is too late to register completion condition "OS.File: flush I/O queued before profileBeforeChange"
JavaScript error: resource://gre/modules/AsyncShutdown.jsm, line 718: Error: Phase "profile-before-change" is finished, it is too late to register completion condition "OS.File: flush I/O queued before profileBeforeChange"
JavaScript error: resource://gre/modules/AsyncShutdown.jsm, line 718: Error: Phase "profile-before-change" is finished, it is too late to register completion condition "OS.File: flush I/O queued before profileBeforeChange"
1675234366774	geckodriver	INFO	Listening on 127.0.0.1:65177
1675234369889	mozrunner::runner	INFO	Running command: "C:\\Program Files\\Mozilla Firefox\\firefox.exe" "--marionette" "--remote-debugging-port" "65178" "--remote-allow-hosts" "localhost" "-no-remote" "-profile" "C:\\Users\\User\\AppData\\Local\\Temp\\rust_mozprofileMtC6U3"
1675234370365	Marionette	INFO	Marionette enabled
Dynamically enable window occlusion 0
1675234370371	Marionette	INFO	Listening on port 65187
Read port: 65187
WebDriver BiDi listening on ws://127.0.0.1:65178
1675234370528	RemoteAgent	WARN	TLS certificate errors will be ignored for this session
console.warn: SearchSettings: "get: No settings file exists, new profile?" (new NotFoundError("Could not open the file at C:\\Users\\User\\AppData\\Local\\Temp\\rust_mozprofileMtC6U3\\search.json.mozlz4", (void 0)))
DevTools listening on ws://127.0.0.1:65178/devtools/browser/a877c36d-9aec-44a8-b72c-aac1d01e56b1
console.warn: LoginRecipes: "Falling back to a synchronous message for: https://www.diw.go.th."
1675234381481	Marionette	INFO	Stopped listening on port 65187
Dynamically enable window occlusion 1
console.warn: TopSitesFeed: Failed to fetch data from Contile server: NetworkError when attempting to fetch resource.
WARNING: A blocker encountered an error while we were waiting.
          Blocker:  Waiting for ping task
          Phase: TelemetryController: Waiting for pending ping activity
          State: (none)
WARNING: Error: Phase "profile-before-change" is finished, it is too late to register completion condition "OS.File: flush I/O queued before profileBeforeChange"
WARNING: addBlocker@resource://gre/modules/AsyncShutdown.jsm:718:15
addBlocker@resource://gre/modules/AsyncShutdown.jsm:523:26
addBlocker@resource://gre/modules/AsyncShutdown.jsm:462:15
setupShutdown@resource://gre/modules/osfile/osfile_async_front.jsm:1548:28
@resource://gre/modules/osfile/osfile_async_front.jsm:1568:16
@resource://gre/modules/osfile.jsm:12:30
@resource://gre/modules/TelemetryStorage.jsm:19:28
promiseArchivePing@resource://gre/modules/TelemetryArchive.jsm:103:5
promiseArchivePing@resource://gre/modules/TelemetryArchive.jsm:63:33
_submitPingLogic@resource://gre/modules/TelemetryControllerParent.jsm:540:48
send@resource://gre/modules/TelemetryControllerParent.jsm:628:24
submitExternalPing@resource://gre/modules/TelemetryControllerParent.jsm:182:17
sendPing@resource://gre/modules/EventPing.jsm:51:30
_submitPing@resource://gre/modules/EventPing.jsm:229:12
shutdown@resource://gre/modules/EventPing.jsm:112:10
_cleanupOnShutdown@resource://gre/modules/TelemetryControllerParent.jsm:940:31
shutdown/<@resource://gre/modules/TelemetryControllerParent.jsm:1010:24
observe@resource://gre/modules/AsyncShutdown.jsm:572:16

WARNING: A blocker encountered an error while we were waiting.
          Blocker:  Waiting for ping task
          Phase: TelemetryController: Waiting for pending ping activity
          State: (none)
WARNING: Error: Phase "profile-before-change" is finished, it is too late to register completion condition "OS.File: flush I/O queued before profileBeforeChange"
WARNING: addBlocker@resource://gre/modules/AsyncShutdown.jsm:718:15
addBlocker@resource://gre/modules/AsyncShutdown.jsm:523:26
addBlocker@resource://gre/modules/AsyncShutdown.jsm:462:15
setupShutdown@resource://gre/modules/osfile/osfile_async_front.jsm:1548:28
@resource://gre/modules/osfile/osfile_async_front.jsm:1568:16
@resource://gre/modules/osfile.jsm:12:30
@resource://gre/modules/TelemetryStorage.jsm:19:28
promiseArchivePing@resource://gre/modules/TelemetryArchive.jsm:103:5
promiseArchivePing@resource://gre/modules/TelemetryArchive.jsm:63:33
_submitPingLogic@resource://gre/modules/TelemetryControllerParent.jsm:540:48
send@resource://gre/modules/TelemetryControllerParent.jsm:628:24
submitExternalPing@resource://gre/modules/TelemetryControllerParent.jsm:182:17
saveShutdownPings@resource://gre/modules/TelemetrySession.jsm:982:34
shutdownChromeProcess/cleanup/<@resource://gre/modules/TelemetrySession.jsm:1232:20
cleanup@resource://gre/modules/TelemetrySession.jsm:1239:9
shutdownChromeProcess@resource://gre/modules/TelemetrySession.jsm:1256:14
shutdown@resource://gre/modules/TelemetrySession.jsm:247:17
_cleanupOnShutdown@resource://gre/modules/TelemetryControllerParent.jsm:959:35
observe@resource://gre/modules/AsyncShutdown.jsm:572:16

WARNING: A blocker encountered an error while we were waiting.
          Blocker:  Waiting for ping task
          Phase: TelemetryController: Waiting for pending ping activity
          State: (none)
WARNING: Error: Phase "profile-before-change" is finished, it is too late to register completion condition "OS.File: flush I/O queued before profileBeforeChange"
WARNING: addBlocker@resource://gre/modules/AsyncShutdown.jsm:718:15
addBlocker@resource://gre/modules/AsyncShutdown.jsm:523:26
addBlocker@resource://gre/modules/AsyncShutdown.jsm:462:15
setupShutdown@resource://gre/modules/osfile/osfile_async_front.jsm:1548:28
@resource://gre/modules/osfile/osfile_async_front.jsm:1568:16
@resource://gre/modules/osfile.jsm:12:30
@resource://gre/modules/TelemetryStorage.jsm:19:28
promiseArchivePing@resource://gre/modules/TelemetryArchive.jsm:103:5
promiseArchivePing@resource://gre/modules/TelemetryArchive.jsm:63:33
_submitPingLogic@resource://gre/modules/TelemetryControllerParent.jsm:540:48
send@resource://gre/modules/TelemetryControllerParent.jsm:628:24
submitExternalPing@resource://gre/modules/TelemetryControllerParent.jsm:182:17
saveShutdownPings@resource://gre/modules/TelemetrySession.jsm:1014:36
shutdownChromeProcess/cleanup/<@resource://gre/modules/TelemetrySession.jsm:1232:20
cleanup@resource://gre/modules/TelemetrySession.jsm:1239:9
shutdownChromeProcess@resource://gre/modules/TelemetrySession.jsm:1256:14
shutdown@resource://gre/modules/TelemetrySession.jsm:247:17
_cleanupOnShutdown@resource://gre/modules/TelemetryControllerParent.jsm:959:35
observe@resource://gre/modules/AsyncShutdown.jsm:572:16

WARNING: A blocker encountered an error while we were waiting.
          Blocker:  TelemetryController: shutting down
          Phase: profile-before-change-telemetry
          State: Error getting state: Error: Phase "profile-before-change" is finished, it is too late to register completion condition "OS.File: flush I/O queued before profileBeforeChange" at addBlocker@resource://gre/modules/AsyncShutdown.jsm:718:15
addBlocker@resource://gre/modules/AsyncShutdown.jsm:523:26
addBlocker@resource://gre/modules/AsyncShutdown.jsm:462:15
setupShutdown@resource://gre/modules/osfile/osfile_async_front.jsm:1548:28
@resource://gre/modules/osfile/osfile_async_front.jsm:1568:16
@resource://gre/modules/osfile.jsm:12:30
@resource://gre/modules/TelemetryStorage.jsm:19:28
getShutdownState@resource://gre/modules/TelemetrySend.jsm:1692:7
getShutdownState@resource://gre/modules/TelemetrySend.jsm:374:30
_getState@resource://gre/modules/TelemetryControllerParent.jsm:1058:38
setupTelemetry/<@resource://gre/modules/TelemetryControllerParent.jsm:917:18
safeGetState@resource://gre/modules/AsyncShutdown.jsm:254:17
Barrier/_internalAddBlocker/promise<@resource://gre/modules/AsyncShutdown.jsm:773:20
observe@resource://gre/modules/AsyncShutdown.jsm:572:16

WARNING: Error: Phase "profile-before-change" is finished, it is too late to register completion condition "OS.File: flush I/O queued before profileBeforeChange"
WARNING: addBlocker@resource://gre/modules/AsyncShutdown.jsm:718:15
addBlocker@resource://gre/modules/AsyncShutdown.jsm:523:26
addBlocker@resource://gre/modules/AsyncShutdown.jsm:462:15
setupShutdown@resource://gre/modules/osfile/osfile_async_front.jsm:1548:28
@resource://gre/modules/osfile/osfile_async_front.jsm:1568:16
@resource://gre/modules/osfile.jsm:12:30
@resource://gre/modules/TelemetryStorage.jsm:19:28
removeAbortedSessionPing@resource://gre/modules/TelemetryControllerParent.jsm:721:5
removeAbortedSessionPing@resource://gre/modules/TelemetryControllerParent.jsm:249:17
shutdownChromeProcess/cleanup/<@resource://gre/modules/TelemetrySession.jsm:1235:42
observe@resource://gre/modules/AsyncShutdown.jsm:572:16

JavaScript error: resource://gre/modules/AsyncShutdown.jsm, line 718: Error: Phase "profile-before-change" is finished, it is too late to register completion condition "OS.File: flush I/O queued before profileBeforeChange"
JavaScript error: resource://gre/modules/AsyncShutdown.jsm, line 718: Error: Phase "profile-before-change" is finished, it is too late to register completion condition "OS.File: flush I/O queued before profileBeforeChange"
JavaScript error: resource://gre/modules/AsyncShutdown.jsm, line 718: Error: Phase "profile-before-change" is finished, it is too late to register completion condition "OS.File: flush I/O queued before profileBeforeChange"
JavaScript error: resource://gre/modules/AsyncShutdown.jsm, line 718: Error: Phase "profile-before-change" is finished, it is too late to register completion condition "OS.File: flush I/O queued before profileBeforeChange"
JavaScript error: resource://gre/modules/AsyncShutdown.jsm, line 718: Error: Phase "profile-before-change" is finished, it is too late to register completion condition "OS.File: flush I/O queued before profileBeforeChange"
JavaScript error: resource://gre/modules/AsyncShutdown.jsm, line 718: Error: Phase "profile-before-change" is finished, it is too late to register completion condition "OS.File: flush I/O queued before profileBeforeChange"
1675234405518	geckodriver	INFO	Listening on 127.0.0.1:65269
1675234408549	mozrunner::runner	INFO	Running command: "C:\\Program Files\\Mozilla Firefox\\firefox.exe" "--marionette" "--remote-debugging-port" "65270" "--remote-allow-hosts" "localhost" "-no-remote" "-profile" "C:\\Users\\User\\AppData\\Local\\Temp\\rust_mozprofilehuZraI"
1675234408983	Marionette	INFO	Marionette enabled
Dynamically enable window occlusion 0
1675234408988	Marionette	INFO	Listening on port 65280
Read port: 65280
WebDriver BiDi listening on ws://127.0.0.1:65270
1675234409142	RemoteAgent	WARN	TLS certificate errors will be ignored for this session
console.warn: SearchSettings: "get: No settings file exists, new profile?" (new NotFoundError("Could not open the file at C:\\Users\\User\\AppData\\Local\\Temp\\rust_mozprofilehuZraI\\search.json.mozlz4", (void 0)))
DevTools listening on ws://127.0.0.1:65270/devtools/browser/1648bbcb-ad93-4d75-8113-5cf7a671add0
console.warn: LoginRecipes: "Falling back to a synchronous message for: https://www.diw.go.th."
1675234415574	Marionette	INFO	Stopped listening on port 65280
Dynamically enable window occlusion 1
console.warn: TopSitesFeed: Failed to fetch data from Contile server: NetworkError when attempting to fetch resource.
WARNING: A blocker encountered an error while we were waiting.
          Blocker:  Waiting for ping task
          Phase: TelemetryController: Waiting for pending ping activity
          State: (none)
WARNING: Error: Phase "profile-before-change" is finished, it is too late to register completion condition "OS.File: flush I/O queued before profileBeforeChange"
WARNING: addBlocker@resource://gre/modules/AsyncShutdown.jsm:718:15
addBlocker@resource://gre/modules/AsyncShutdown.jsm:523:26
addBlocker@resource://gre/modules/AsyncShutdown.jsm:462:15
setupShutdown@resource://gre/modules/osfile/osfile_async_front.jsm:1548:28
@resource://gre/modules/osfile/osfile_async_front.jsm:1568:16
@resource://gre/modules/osfile.jsm:12:30
@resource://gre/modules/TelemetryStorage.jsm:19:28
promiseArchivePing@resource://gre/modules/TelemetryArchive.jsm:103:5
promiseArchivePing@resource://gre/modules/TelemetryArchive.jsm:63:33
_submitPingLogic@resource://gre/modules/TelemetryControllerParent.jsm:540:48
send@resource://gre/modules/TelemetryControllerParent.jsm:628:24
submitExternalPing@resource://gre/modules/TelemetryControllerParent.jsm:182:17
sendPing@resource://gre/modules/EventPing.jsm:51:30
_submitPing@resource://gre/modules/EventPing.jsm:229:12
shutdown@resource://gre/modules/EventPing.jsm:112:10
_cleanupOnShutdown@resource://gre/modules/TelemetryControllerParent.jsm:940:31
shutdown/<@resource://gre/modules/TelemetryControllerParent.jsm:1010:24
observe@resource://gre/modules/AsyncShutdown.jsm:572:16

WARNING: A blocker encountered an error while we were waiting.
          Blocker:  Waiting for ping task
          Phase: TelemetryController: Waiting for pending ping activity
          State: (none)
WARNING: Error: Phase "profile-before-change" is finished, it is too late to register completion condition "OS.File: flush I/O queued before profileBeforeChange"
WARNING: addBlocker@resource://gre/modules/AsyncShutdown.jsm:718:15
addBlocker@resource://gre/modules/AsyncShutdown.jsm:523:26
addBlocker@resource://gre/modules/AsyncShutdown.jsm:462:15
setupShutdown@resource://gre/modules/osfile/osfile_async_front.jsm:1548:28
@resource://gre/modules/osfile/osfile_async_front.jsm:1568:16
@resource://gre/modules/osfile.jsm:12:30
@resource://gre/modules/TelemetryStorage.jsm:19:28
promiseArchivePing@resource://gre/modules/TelemetryArchive.jsm:103:5
promiseArchivePing@resource://gre/modules/TelemetryArchive.jsm:63:33
_submitPingLogic@resource://gre/modules/TelemetryControllerParent.jsm:540:48
send@resource://gre/modules/TelemetryControllerParent.jsm:628:24
submitExternalPing@resource://gre/modules/TelemetryControllerParent.jsm:182:17
saveShutdownPings@resource://gre/modules/TelemetrySession.jsm:982:34
shutdownChromeProcess/cleanup/<@resource://gre/modules/TelemetrySession.jsm:1232:20
cleanup@resource://gre/modules/TelemetrySession.jsm:1239:9
shutdownChromeProcess@resource://gre/modules/TelemetrySession.jsm:1256:14
shutdown@resource://gre/modules/TelemetrySession.jsm:247:17
_cleanupOnShutdown@resource://gre/modules/TelemetryControllerParent.jsm:959:35
observe@resource://gre/modules/AsyncShutdown.jsm:572:16

WARNING: A blocker encountered an error while we were waiting.
          Blocker:  Waiting for ping task
          Phase: TelemetryController: Waiting for pending ping activity
          State: (none)
WARNING: Error: Phase "profile-before-change" is finished, it is too late to register completion condition "OS.File: flush I/O queued before profileBeforeChange"
WARNING: addBlocker@resource://gre/modules/AsyncShutdown.jsm:718:15
addBlocker@resource://gre/modules/AsyncShutdown.jsm:523:26
addBlocker@resource://gre/modules/AsyncShutdown.jsm:462:15
setupShutdown@resource://gre/modules/osfile/osfile_async_front.jsm:1548:28
@resource://gre/modules/osfile/osfile_async_front.jsm:1568:16
@resource://gre/modules/osfile.jsm:12:30
@resource://gre/modules/TelemetryStorage.jsm:19:28
promiseArchivePing@resource://gre/modules/TelemetryArchive.jsm:103:5
promiseArchivePing@resource://gre/modules/TelemetryArchive.jsm:63:33
_submitPingLogic@resource://gre/modules/TelemetryControllerParent.jsm:540:48
send@resource://gre/modules/TelemetryControllerParent.jsm:628:24
submitExternalPing@resource://gre/modules/TelemetryControllerParent.jsm:182:17
saveShutdownPings@resource://gre/modules/TelemetrySession.jsm:1014:36
shutdownChromeProcess/cleanup/<@resource://gre/modules/TelemetrySession.jsm:1232:20
cleanup@resource://gre/modules/TelemetrySession.jsm:1239:9
shutdownChromeProcess@resource://gre/modules/TelemetrySession.jsm:1256:14
shutdown@resource://gre/modules/TelemetrySession.jsm:247:17
_cleanupOnShutdown@resource://gre/modules/TelemetryControllerParent.jsm:959:35
observe@resource://gre/modules/AsyncShutdown.jsm:572:16

WARNING: A blocker encountered an error while we were waiting.
          Blocker:  TelemetryController: shutting down
          Phase: profile-before-change-telemetry
          State: Error getting state: Error: Phase "profile-before-change" is finished, it is too late to register completion condition "OS.File: flush I/O queued before profileBeforeChange" at addBlocker@resource://gre/modules/AsyncShutdown.jsm:718:15
addBlocker@resource://gre/modules/AsyncShutdown.jsm:523:26
addBlocker@resource://gre/modules/AsyncShutdown.jsm:462:15
setupShutdown@resource://gre/modules/osfile/osfile_async_front.jsm:1548:28
@resource://gre/modules/osfile/osfile_async_front.jsm:1568:16
@resource://gre/modules/osfile.jsm:12:30
@resource://gre/modules/TelemetryStorage.jsm:19:28
getShutdownState@resource://gre/modules/TelemetrySend.jsm:1692:7
getShutdownState@resource://gre/modules/TelemetrySend.jsm:374:30
_getState@resource://gre/modules/TelemetryControllerParent.jsm:1058:38
setupTelemetry/<@resource://gre/modules/TelemetryControllerParent.jsm:917:18
safeGetState@resource://gre/modules/AsyncShutdown.jsm:254:17
Barrier/_internalAddBlocker/promise<@resource://gre/modules/AsyncShutdown.jsm:773:20
observe@resource://gre/modules/AsyncShutdown.jsm:572:16

WARNING: Error: Phase "profile-before-change" is finished, it is too late to register completion condition "OS.File: flush I/O queued before profileBeforeChange"
WARNING: addBlocker@resource://gre/modules/AsyncShutdown.jsm:718:15
addBlocker@resource://gre/modules/AsyncShutdown.jsm:523:26
addBlocker@resource://gre/modules/AsyncShutdown.jsm:462:15
setupShutdown@resource://gre/modules/osfile/osfile_async_front.jsm:1548:28
@resource://gre/modules/osfile/osfile_async_front.jsm:1568:16
@resource://gre/modules/osfile.jsm:12:30
@resource://gre/modules/TelemetryStorage.jsm:19:28
removeAbortedSessionPing@resource://gre/modules/TelemetryControllerParent.jsm:721:5
removeAbortedSessionPing@resource://gre/modules/TelemetryControllerParent.jsm:249:17
shutdownChromeProcess/cleanup/<@resource://gre/modules/TelemetrySession.jsm:1235:42
observe@resource://gre/modules/AsyncShutdown.jsm:572:16

JavaScript error: resource://gre/modules/AsyncShutdown.jsm, line 718: Error: Phase "profile-before-change" is finished, it is too late to register completion condition "OS.File: flush I/O queued before profileBeforeChange"
JavaScript error: resource://gre/modules/AsyncShutdown.jsm, line 718: Error: Phase "profile-before-change" is finished, it is too late to register completion condition "OS.File: flush I/O queued before profileBeforeChange"
JavaScript error: resource://gre/modules/AsyncShutdown.jsm, line 718: Error: Phase "profile-before-change" is finished, it is too late to register completion condition "OS.File: flush I/O queued before profileBeforeChange"
JavaScript error: resource://gre/modules/AsyncShutdown.jsm, line 718: Error: Phase "profile-before-change" is finished, it is too late to register completion condition "OS.File: flush I/O queued before profileBeforeChange"
JavaScript error: resource://gre/modules/AsyncShutdown.jsm, line 718: Error: Phase "profile-before-change" is finished, it is too late to register completion condition "OS.File: flush I/O queued before profileBeforeChange"
JavaScript error: resource://gre/modules/AsyncShutdown.jsm, line 718: Error: Phase "profile-before-change" is finished, it is too late to register completion condition "OS.File: flush I/O queued before profileBeforeChange"
